May 03 11:34:29: vmx| Log for VMware Server pid=10244 version=1.0.7 build=build-108231 option=Release
May 03 11:34:29: vmx| Command line: "C:\Program Files\VMware\VMware Server\bin\vmware-vmx.exe" "-T" "querytoken" "x:\mosatf\trunk\setup\boot\vmware\mosa.vmx"
May 03 11:34:29: vmx| vmxvmdb: Index name being generated from config file
May 03 11:34:29: vmx| VMXVmdbConnectServerd - Trying to discover serverd
May 03 11:34:29: vmx| MStat: Creating Stat system.cpuusage
May 03 11:34:29: vmx| MStat: Creating Stat system.ram
May 03 11:34:29: vmx| MStat: Creating Stat system.uptime
May 03 11:34:29: vmx| MStat: Creating Stat system.load
May 03 11:34:29: vmx| VMMon: failed memory configuration
May 03 11:34:29: vmx| CPU #0 TSC = 959556181356229
May 03 11:34:29: vmx| CPU #1 TSC = 959556181356238
May 03 11:34:29: vmx| CPU #2 TSC = 959556181356337
May 03 11:34:29: vmx| CPU #3 TSC = 959556181355869
May 03 11:34:29: vmx| TSC delta 468
May 03 11:34:29: vmx| VMMon_GetkHzEstimate: Calculated 2700000 kHz
May 03 11:34:29: vmx| Measured CPU as 2700000 kHz, but OS says 2394000 kHz; using 2700000
May 03 11:34:29: vmx| Msg_Hint: msg.hostWin32.cpuSpeedMismatch (not shown)
May 03 11:34:29: vmx| cpuids[0].id81.ecx = 0x1
May 03 11:34:29: vmx| cpuids[1].id81.ecx = 0x1
May 03 11:34:29: vmx| cpuids[2].id81.ecx = 0x1
May 03 11:34:29: vmx| cpuids[3].id81.ecx = 0x1
May 03 11:34:29: vmx| pcpu #0 CPUID numEntries=10 GenuntelineI
May 03 11:34:29: vmx| pcpu #0 CPUID version=0x6fb id1.edx=0xbfebfbff id1.ecx=0xe3bd id1.ebx=0x40800
May 03 11:34:29: vmx| pcpu #0 CPUID id80.eax=80000008 id81.edx=0x20100000 id81.ecx=0x1
May 03 11:34:29: vmx| pcpu #1 CPUID numEntries=10 GenuntelineI
May 03 11:34:29: vmx| pcpu #1 CPUID version=0x6fb id1.edx=0xbfebfbff id1.ecx=0xe3bd id1.ebx=0x1040800
May 03 11:34:29: vmx| pcpu #1 CPUID id80.eax=80000008 id81.edx=0x20100000 id81.ecx=0x1
May 03 11:34:29: vmx| pcpu #2 CPUID numEntries=10 GenuntelineI
May 03 11:34:29: vmx| pcpu #2 CPUID version=0x6fb id1.edx=0xbfebfbff id1.ecx=0xe3bd id1.ebx=0x2040800
May 03 11:34:29: vmx| pcpu #2 CPUID id80.eax=80000008 id81.edx=0x20100000 id81.ecx=0x1
May 03 11:34:29: vmx| pcpu #3 CPUID numEntries=10 GenuntelineI
May 03 11:34:29: vmx| pcpu #3 CPUID version=0x6fb id1.edx=0xbfebfbff id1.ecx=0xe3bd id1.ebx=0x3040800
May 03 11:34:29: vmx| pcpu #3 CPUID id80.eax=80000008 id81.edx=0x20100000 id81.ecx=0x1
May 03 11:34:29: vmx| CPUID id1.edx: 0xbfebfbff id1.ecx: 0xe3bd id81.edx: 0x20100000 id81.ecx: 0x1
May 03 11:34:29: vmx| CPUID id88.ecx: 0 id88.edx: 0
May 03 11:34:29: vmx| ACL_InitCapabilities: here 1 (bug 63252)
May 03 11:34:29: vmx| changing directory to x:\mosatf\trunk\setup\boot\vmware\.
May 03 11:34:29: vmx| Config file: x:\mosatf\trunk\setup\boot\vmware\mosa.vmx
May 03 11:34:29: vmx| LOG failed to remove X:\MosaTF\trunk\Setup\Boot\VMware\vmware-2.log failed: The system cannot find the file specified
May 03 11:34:29: vmx| VMDB: Connected to serverd
May 03 11:34:29: vmx| IPCHandleConnection: ReadFile failed (code 109)
May 03 11:34:29: vmx| VMXVmdbCbVmVmxExecState: Exec state change requested to state poweredOn without reset
May 03 11:34:29: vmx| PowerOn
May 03 11:34:29: vmx| Host: WIN32 highest NUMA node 0
May 03 11:34:29: vmx| Host: WIN32 NUMA node 0, CPU mask 0x000000000000000f
May 03 11:34:29: vmx| HOST Windows version 6.0, build 6001, platform 2, "Service Pack 1", SMP
May 03 11:34:29: vmx| DICT --- USER PREFERENCES
May 03 11:34:29: vmx| DICT    pref.autoFitFullScreen = fitHostToGuest
May 03 11:34:29: vmx| DICT     pref.view.navBar.type = favorites
May 03 11:34:29: vmx| DICT pref.view.toolbars.power.items.count = 7
May 03 11:34:29: vmx| DICT pref.view.toolbars.power.item0.id = POWER_OFF
May 03 11:34:29: vmx| DICT pref.view.toolbars.power.item1.id = SUSPEND
May 03 11:34:29: vmx| DICT pref.view.toolbars.power.item2.id = POWER_ON
May 03 11:34:29: vmx| DICT pref.view.toolbars.power.item3.id = RESET
May 03 11:34:29: vmx| DICT pref.view.toolbars.power.item4.id = _SEP_
May 03 11:34:29: vmx| DICT pref.view.toolbars.power.item5.id = PREVIEW_PLAYER
May 03 11:34:29: vmx| DICT pref.view.toolbars.power.item6.id = PREVIEW_WS
May 03 11:34:29: vmx| DICT     pref.mruDest0.present = FALSE
May 03 11:34:29: vmx| DICT  pref.mruDest0.destString = 
May 03 11:34:29: vmx| DICT        pref.mruDest0.user = 
May 03 11:34:29: vmx| DICT     pref.mruDest1.present = FALSE
May 03 11:34:29: vmx| DICT  pref.mruDest1.destString = 
May 03 11:34:29: vmx| DICT        pref.mruDest1.user = 
May 03 11:34:29: vmx| DICT     pref.mruDest2.present = FALSE
May 03 11:34:29: vmx| DICT  pref.mruDest2.destString = 
May 03 11:34:29: vmx| DICT        pref.mruDest2.user = 
May 03 11:34:29: vmx| DICT     pref.mruDest3.present = FALSE
May 03 11:34:29: vmx| DICT  pref.mruDest3.destString = 
May 03 11:34:29: vmx| DICT        pref.mruDest3.user = 
May 03 11:34:29: vmx| DICT     pref.mruDest4.present = FALSE
May 03 11:34:29: vmx| DICT  pref.mruDest4.destString = 
May 03 11:34:29: vmx| DICT        pref.mruDest4.user = 
May 03 11:34:29: vmx| DICT     pref.mruDest5.present = FALSE
May 03 11:34:29: vmx| DICT  pref.mruDest5.destString = 
May 03 11:34:29: vmx| DICT        pref.mruDest5.user = 
May 03 11:34:29: vmx| DICT     pref.mruDest6.present = FALSE
May 03 11:34:29: vmx| DICT  pref.mruDest6.destString = 
May 03 11:34:29: vmx| DICT        pref.mruDest6.user = 
May 03 11:34:29: vmx| DICT     pref.mruDest7.present = FALSE
May 03 11:34:29: vmx| DICT  pref.mruDest7.destString = 
May 03 11:34:29: vmx| DICT        pref.mruDest7.user = 
May 03 11:34:29: vmx| DICT     webUpdate.checkPeriod = weekly
May 03 11:34:29: vmx| DICT pref.view.toolbars.view.items.count = 6
May 03 11:34:29: vmx| DICT pref.view.toolbars.view.item0.id = FAVORITES
May 03 11:34:29: vmx| DICT pref.view.toolbars.view.item1.id = FULL_SCREEN
May 03 11:34:29: vmx| DICT pref.view.toolbars.view.item2.id = QUICK_SWITCH
May 03 11:34:29: vmx| DICT pref.view.toolbars.view.item3.id = _SEP_
May 03 11:34:29: vmx| DICT pref.view.toolbars.view.item4.id = SUMMARY
May 03 11:34:29: vmx| DICT pref.view.toolbars.view.item5.id = CONSOLE
May 03 11:34:29: vmx| DICT pref.view.toolbars.proj.items.count = 4
May 03 11:34:29: vmx| DICT pref.view.toolbars.proj.item0.id = ADD_VM
May 03 11:34:29: vmx| DICT pref.view.toolbars.proj.item1.id = POLICIES
May 03 11:34:29: vmx| DICT pref.view.toolbars.proj.item2.id = PKG_NEW
May 03 11:34:29: vmx| DICT pref.view.toolbars.proj.item3.id = EDIT_SETTINGS
May 03 11:34:29: vmx| DICT pref.view.toolbars.snapshot.items.count = 3
May 03 11:34:29: vmx| DICT pref.view.toolbars.snapshot.item0.id = SNAPSHOT
May 03 11:34:29: vmx| DICT pref.view.toolbars.snapshot.item1.id = REVERT
May 03 11:34:29: vmx| DICT pref.view.toolbars.snapshot.item2.id = SNAPSHOT_MANAGER
May 03 11:34:29: vmx| DICT       webUpdate.checkLast = 1241375662
May 03 11:34:29: vmx| DICT pref.view.toolbars.menu.position.ix = 0
May 03 11:34:29: vmx| DICT pref.view.toolbars.menu.position.newLine = TRUE
May 03 11:34:29: vmx| DICT pref.view.toolbars.power.position.ix = 1
May 03 11:34:29: vmx| DICT pref.view.toolbars.power.position.newLine = TRUE
May 03 11:34:29: vmx| DICT pref.view.toolbars.power.position.length = 118
May 03 11:34:29: vmx| DICT pref.view.toolbars.snapshot.position.ix = 2
May 03 11:34:29: vmx| DICT pref.view.toolbars.snapshot.position.length = 87
May 03 11:34:29: vmx| DICT pref.view.toolbars.view.position.ix = 3
May 03 11:34:29: vmx| DICT pref.view.toolbars.view.position.length = 153
May 03 11:34:29: vmx| DICT pref.console.openedObj0.present = FALSE
May 03 11:34:29: vmx| DICT pref.console.openedObj0.name = MOSA
May 03 11:34:29: vmx| DICT pref.console.openedObj.maxNum = 0
May 03 11:34:29: vmx| DICT       pref.placement.left = -1121
May 03 11:34:29: vmx| DICT        pref.placement.top = 124
May 03 11:34:29: vmx| DICT      pref.placement.right = -245
May 03 11:34:29: vmx| DICT     pref.placement.bottom = 672
May 03 11:34:29: vmx| DICT pref.console.openedObj1.present = FALSE
May 03 11:34:29: vmx| DICT pref.console.openedObj1.name = BaseLinux
May 03 11:34:29: vmx| DICT pref.console.currentObj.path = /vm/#70edbfe1422f67be/
May 03 11:34:29: vmx| DICT pref.console.currentObj.type = vm
May 03 11:34:29: vmx| DICT pref.console.openedObj1.type = vm
May 03 11:34:29: vmx| DICT pref.console.openedObj1.path = /vm/#ccf2fa4074a64ad8/
May 03 11:34:29: vmx| DICT pref.console.openedObj1.file = X:\VMWare\BaseLinux\Ubuntu.vmx
May 03 11:34:29: vmx| DICT pref.console.openedObj2.present = TRUE
May 03 11:34:29: vmx| DICT pref.console.openedObj2.type = vm
May 03 11:34:29: vmx| DICT pref.console.openedObj2.path = /vm/#70edbfe1422f67be/
May 03 11:34:29: vmx| DICT pref.console.openedObj2.file = X:\MosaTF\trunk\Setup\VMware\MOSA.vmx
May 03 11:34:29: vmx| DICT pref.console.openedObj2.name = MOSA
May 03 11:34:29: vmx| DICT    pref.view.navBar.width = 110
May 03 11:34:29: vmx| DICT pref.console.openedObj3.present = TRUE
May 03 11:34:29: vmx| DICT pref.console.openedObj3.name = BaseLinux
May 03 11:34:29: vmx| DICT pref.console.openedObj4.present = FALSE
May 03 11:34:29: vmx| DICT pref.console.openedObj4.type = vm
May 03 11:34:29: vmx| DICT pref.console.openedObj4.path = /vm/#0550b530949cf78a/
May 03 11:34:29: vmx| DICT pref.console.openedObj4.file = X:\VMWare\Test\Other.vmx
May 03 11:34:29: vmx| DICT pref.console.openedObj4.name = Test
May 03 11:34:29: vmx| DICT pref.console.openedObj3.type = vm
May 03 11:34:29: vmx| DICT pref.console.openedObj3.path = /vm/#ccf2fa4074a64ad8/
May 03 11:34:29: vmx| DICT pref.console.openedObj3.file = X:\VMWare\BaseLinux\Ubuntu.vmx
May 03 11:34:29: vmx| DICT pref.console.openedObj5.type = vm
May 03 11:34:29: vmx| DICT pref.console.openedObj5.path = /vm/#ccf2fa4074a64ad8/
May 03 11:34:29: vmx| DICT pref.console.openedObj5.file = X:\VMWare\BaseLinux\Ubuntu.vmx
May 03 11:34:29: vmx| DICT pref.console.openedObj5.name = BaseLinux
May 03 11:34:29: vmx| DICT pref.console.openedObj5.present = TRUE
May 03 11:34:29: vmx| DICT pref.console.openedObj6.present = FALSE
May 03 11:34:29: vmx| DICT pref.console.openedObj6.type = vm
May 03 11:34:29: vmx| DICT pref.console.openedObj6.path = /vm/#0550b530949cf78a/
May 03 11:34:29: vmx| DICT pref.console.openedObj6.file = X:\VMWare\Test\Other.vmx
May 03 11:34:29: vmx| DICT pref.console.openedObj6.name = Test
May 03 11:34:29: vmx| DICT pref.console.openedObj7.present = TRUE
May 03 11:34:29: vmx| DICT pref.console.openedObj7.type = vm
May 03 11:34:29: vmx| DICT pref.console.openedObj7.path = /vm/#0550b530949cf78a/
May 03 11:34:29: vmx| DICT pref.console.openedObj7.file = X:\VMWare\Test\Other.vmx
May 03 11:34:29: vmx| DICT pref.console.openedObj7.name = Test
May 03 11:34:29: vmx| DICT webUpdate.lastCheck.status = done_updates
May 03 11:34:29: vmx| DICT pref.console.openedObj0.type = vm
May 03 11:34:29: vmx| DICT pref.console.openedObj0.path = /vm/#70edbfe1422f67be/
May 03 11:34:29: vmx| DICT pref.console.openedObj0.file = X:\MosaTF\trunk\Setup\VMware\MOSA.vmx
May 03 11:34:29: vmx| DICT --- USER DEFAULTS
May 03 11:34:29: vmx| DICT --- HOST DEFAULTS
May 03 11:34:29: vmx| DICT            datastore.name = local
May 03 11:34:29: vmx| DICT       datastore.localpath = C:\Virtual Machines\
May 03 11:34:29: vmx| DICT prefvmx.useRecommendedLockedMemSize = TRUE
May 03 11:34:29: vmx| DICT             defaultVMPath = X:\VMWare
May 03 11:34:29: vmx| DICT          priority.grabbed = normal
May 03 11:34:29: vmx| DICT        priority.ungrabbed = normal
May 03 11:34:29: vmx| DICT         authd.client.port = 902
May 03 11:34:29: vmx| DICT           authd.proxy.vim = vmware-hostd:hostd-vmdb
May 03 11:34:29: vmx| DICT           authd.proxy.nfc = vmware-hostd:ha-nfc
May 03 11:34:29: vmx| DICT --- SITE DEFAULTS
May 03 11:34:29: vmx| DICT            datastore.name = local
May 03 11:34:29: vmx| DICT       datastore.localpath = C:\Virtual Machines\
May 03 11:34:29: vmx| DICT prefvmx.useRecommendedLockedMemSize = TRUE
May 03 11:34:29: vmx| DICT             defaultVMPath = X:\VMWare
May 03 11:34:29: vmx| DICT          priority.grabbed = normal
May 03 11:34:29: vmx| DICT        priority.ungrabbed = normal
May 03 11:34:29: vmx| DICT         authd.client.port = 902
May 03 11:34:29: vmx| DICT           authd.proxy.vim = vmware-hostd:hostd-vmdb
May 03 11:34:29: vmx| DICT           authd.proxy.nfc = vmware-hostd:ha-nfc
May 03 11:34:29: vmx| DICT --- COMMAND LINE
May 03 11:34:29: vmx| DICT --- CONFIGURATION
May 03 11:34:29: vmx| DICT            config.version = 8
May 03 11:34:29: vmx| DICT         virtualHW.version = 4
May 03 11:34:29: vmx| DICT             scsi0.present = TRUE
May 03 11:34:29: vmx| DICT                   memsize = 256
May 03 11:34:29: vmx| DICT            ide0:0.present = FALSE
May 03 11:34:29: vmx| DICT           ide0:0.fileName = auto detect
May 03 11:34:29: vmx| DICT            ide1:0.present = FALSE
May 03 11:34:29: vmx| DICT           ide1:0.fileName = auto detect
May 03 11:34:29: vmx| DICT         ide1:0.deviceType = cdrom-raw
May 03 11:34:29: vmx| DICT           floppy0.present = FALSE
May 03 11:34:29: vmx| DICT               displayName = MOSA
May 03 11:34:29: vmx| DICT                   guestOS = other
May 03 11:34:29: vmx| DICT          priority.grabbed = normal
May 03 11:34:29: vmx| DICT        priority.ungrabbed = normal
May 03 11:34:29: vmx| DICT           scsi0:0.present = TRUE
May 03 11:34:29: vmx| DICT          scsi0:0.fileName = ..\build\bootimage.vhd
May 03 11:34:29: vmx| DICT              scsi0:0.redo = 
May 03 11:34:29: vmx| DICT             uuid.location = 56 4d e7 2a dc 32 ba 37-f3 5a d2 f4 c3 74 71 d2
May 03 11:34:29: vmx| DICT                 uuid.bios = 56 4d e7 2a dc 32 ba 37-f3 5a d2 f4 c3 74 71 d2
May 03 11:34:29: vmx| DICT --- USER DEFAULTS
May 03 11:34:29: vmx| DICT --- HOST DEFAULTS
May 03 11:34:29: vmx| DICT            datastore.name = local
May 03 11:34:29: vmx| DICT       datastore.localpath = C:\Virtual Machines\
May 03 11:34:29: vmx| DICT prefvmx.useRecommendedLockedMemSize = TRUE
May 03 11:34:29: vmx| DICT             defaultVMPath = X:\VMWare
May 03 11:34:29: vmx| DICT          priority.grabbed = normal
May 03 11:34:29: vmx| DICT        priority.ungrabbed = normal
May 03 11:34:29: vmx| DICT         authd.client.port = 902
May 03 11:34:29: vmx| DICT           authd.proxy.vim = vmware-hostd:hostd-vmdb
May 03 11:34:29: vmx| DICT           authd.proxy.nfc = vmware-hostd:ha-nfc
May 03 11:34:29: vmx| DICT --- SITE DEFAULTS
May 03 11:34:29: vmx| DICT            datastore.name = local
May 03 11:34:29: vmx| DICT       datastore.localpath = C:\Virtual Machines\
May 03 11:34:29: vmx| DICT prefvmx.useRecommendedLockedMemSize = TRUE
May 03 11:34:29: vmx| DICT             defaultVMPath = X:\VMWare
May 03 11:34:29: vmx| DICT          priority.grabbed = normal
May 03 11:34:29: vmx| DICT        priority.ungrabbed = normal
May 03 11:34:29: vmx| DICT         authd.client.port = 902
May 03 11:34:29: vmx| DICT           authd.proxy.vim = vmware-hostd:hostd-vmdb
May 03 11:34:29: vmx| DICT           authd.proxy.nfc = vmware-hostd:ha-nfc
May 03 11:34:29: vmx| DICT --- GLOBAL SETTINGS
May 03 11:34:29: vmx| Msg_Hint: msg.hostw32.wrongNTversion (not shown)
May 03 11:34:29: vmx| WSSCAN: reserved mem (in MB) min=32 max=2944 recommended=2944
May 03 11:34:29: vmx|         hostMem=3072 maxAllowedAll=-1 maxAllowedVM=3600
May 03 11:34:29: vmx|         totOverhead=16
May 03 11:34:29: vmx| WSSCAN: used rec mem (in MB) 2944
May 03 11:34:29: vmx| WSSCAN: Overhead 71921 paged 5534 nonpaged 4096 maxFBSize
May 03 11:35:32: vmx| WSSCAN 1 2 502591 655637 753664 502591 50 0
May 03 11:36:05: vmx| LICENSE using: 'HKEY_LOCAL_MACHINE\SOFTWARE\VMware, Inc.\VMware Server\License.vs.1.0-00' 
May 03 11:36:14: vmx| STATDECLGROUP stats Root "" null
May 03 11:36:15: vmx| Host CPUID features: version 0x6f8 id1.edx 0xbfebfbff id1.ecx 0xe3bd id81.edx 0x20100000 id81.ecx 0x1
May 03 11:36:15: vmx| CPU.cpuFeatures = 0xb971ff37
May 03 11:36:15: vmx| CPUID after masking: version 0x6f8 id1.edx 0xfebfbff id1.ecx 0xa215 id81.edx 0x20100800 id81.ecx 0x1 id88.ecx 0x0
May 03 11:36:15: vmx| CPU.cpuFeatures = 0x9871ff33
May 03 11:36:15: vmx| APIC: Local APIC at 0xfee00000
May 03 11:36:16: vmx| KHZEstimate 2700000
May 03 11:36:16: vmx| MHZEstimate 2700
May 03 11:36:16: vmx| NumVCPUs 1
May 03 11:36:17: vmx| UUID: location-UUID is 56 4d 9d 82 8d 02 47 7a-9c ad 2d 69 6f c3 e9 17
May 03 11:36:20: vmx| UUID: canonical path is x:\mosatf\trunk\setup\boot\vmware\mosa.vmx
May 03 11:36:20: vmx| UUID: location-UUID is 56 4d 3d 64 75 e6 7e 48-4a e4 f8 79 47 77 07 6f
May 03 11:36:20: vmx| Msg_Question:
May 03 11:36:20: vmx| [msg.uuid.moved] The location of this virtual machine's configuration file has changed since it was last powered on.
May 03 11:36:20: vmx| 
May 03 11:36:20: vmx| If the virtual machine has been copied, you should create a new unique identifier (UUID).  If it has been moved, you should keep its old identifier.
May 03 11:36:20: vmx| 
May 03 11:36:20: vmx| If you are not sure, create a new identifier.
May 03 11:36:20: vmx| 
May 03 11:36:20: vmx| What do you want to do?----------------------------------------
May 03 11:36:20: vmx| Question without a remote UI:
May 03 11:36:20: vmx| The location of this virtual machine's configuration file has changed since it was last powered on.
May 03 11:36:20: vmx| 
May 03 11:36:20: vmx| If the virtual machine has been copied, you should create a new unique identifier (UUID).  If it has been moved, you should keep its old identifier.
May 03 11:36:20: vmx| 
May 03 11:36:20: vmx| If you are not sure, create a new identifier.
May 03 11:36:20: vmx| 
May 03 11:36:20: vmx| What do you want to do?
May 03 11:36:21: vmx| IPCGetPid: WriteFile failed (code 232)
May 03 11:42:38: vmx| Msg_Question: msg.uuid.moved reply=1
May 03 11:42:38: vmx| UUID: Writing uuid.bios 56 4d 3d 64 75 e6 7e 48-4a e4 f8 79 47 77 07 6f
May 03 11:42:38: vmx| UUID: Writing uuid.location 56 4d 3d 64 75 e6 7e 48-4a e4 f8 79 47 77 07 6f
May 03 11:42:38: vmx| Msg_Reset:
May 03 11:42:38: vmx| [msg.dictionary.open] Cannot open configuration file "x:\mosatf\trunk\setup\boot\vmware\mosa.vmx": Access is denied.
May 03 11:42:38: vmx| ----------------------------------------
May 03 11:42:38: vmx| MM: Using partialmap, 65536 pages AC 0 CE 1 TM 0 DOHU 0
May 03 11:42:38: vmx| UUID: canonical path is x:\mosatf\trunk\setup\boot\vmware\mosa.vmx
May 03 11:42:38: vmx| UUID: location-UUID is 56 4d 3d 64 75 e6 7e 48-4a e4 f8 79 47 77 07 6f
May 03 11:42:38: vmx| MM: using fileName x:\mosatf\trunk\setup\boot\vmware\564d3d64-75e6-7e48-4ae4-f8794777076f.vmem for paging
May 03 11:42:38: vmx| Msg_Reset:
May 03 11:42:38: vmx| ----------------------------------------
May 03 11:42:38: vmx| Opened paging file x:\mosatf\trunk\setup\boot\vmware\564d3d64-75e6-7e48-4ae4-f8794777076f.vmem
May 03 11:42:38: vmx| Mapped mainmem as pageable
May 03 11:42:38: vmx| MStat: Creating Stat vm.cpuusage
May 03 11:42:38: vmx| MStat: Creating Stat vm.ram
May 03 11:42:38: vmx| MStat: Creating Stat vm.uptime
May 03 11:42:38: vmx| DISK: OPEN scsi0:0 'x:\mosatf\trunk\setup\boot\build\bootimage.vhd' persistent R[(null)]
May 03 11:42:38: vmx| DISKLIB-LINK  : Opened 'x:\mosatf\trunk\setup\boot\build\bootimage.vhd' (0xa): custom, 4096 sectors / 2 Mb.
May 03 11:42:38: vmx| DISKLIB-DDB   : "geometry.cylinders" = "2" (was "8")
May 03 11:42:38: vmx| DISKLIB-DDB   : "geometry.heads" = "64" (was "16")
May 03 11:42:38: vmx| DISKLIB-DDB   : "geometry.sectors" = "32" (was "31")
May 03 11:42:38: vmx| DISKLIB-LIB   : Opened "x:\mosatf\trunk\setup\boot\build\bootimage.vhd" (flags 0xa).
May 03 11:42:38: vmx| DISK: OPEN 'x:\mosatf\trunk\setup\boot\build\bootimage.vhd' Geo (2/64/32) BIOS Geo (60/4/17) freeSpace=58844Mb
May 03 11:42:38: vmx| Msg_Reset:
May 03 11:42:38: vmx| [msg.dictionary.open] Cannot open configuration file "x:\mosatf\trunk\setup\boot\vmware\mosa.vmx": Access is denied.
May 03 11:42:38: vmx| ----------------------------------------
May 03 11:42:38: vmx| TimeTracker host to guest rate conversion 960877691920894 @ 2700000000Hz -> 960877691920894 @ 2700000000Hz
May 03 11:42:38: vmx| TimeTracker host to guest rate conversion ((x * 2147483648) >> 31) + 0
May 03 11:42:38: vmx| SCSI0: UNTAGGED commands will be converted to ORDER tags.
May 03 11:42:38: vmx| MStat: Creating Stat scsi0:0.bytesread
May 03 11:42:38: vmx| MStat: Creating Stat scsi0:0.byteswritten
May 03 11:42:38: vmx| DISKUTIL: scsi0:0 : capacity=4096
May 03 11:42:38: vmx| DISKUTIL: scsi0:0 : geometry=60/4/17
May 03 11:42:38: vmx| MStat: Creating Stat vm.heartbeat
May 03 11:42:39: vmx| DISKUTIL: scsi0:0 : toolsVersion = 1
May 03 11:42:39: vmx| VmdbDbCheckDataType failed for path=/vm/#976fef22d1f548ab/vmx/guestTools/versionStatus/ and value=notAvailable: (-11) Type mismatch
May 03 11:42:39: vmx| Vmdb_Set: Failed to set /vm/#976fef22d1f548ab/vmx/guestTools/versionStatus/ to notAvailable (Type mismatch)
May 03 11:42:39: vmx| VMXVmdb_SetToolsVersionState failed. ret = Type mismatch
May 03 11:42:39: vmx| TOOLS INSTALL initializing state to IDLE on power on.
May 03 11:42:39: vmx| No valid NVRAM file found, will create default NVRAM.
May 03 11:42:39: vmx| VLANCE: send cluster threshold is 80, size = 2 recalcInterval is 2 ticks
May 03 11:42:39: vmx| VMXNET: send cluster threshold is 80, size = 2 recalcInterval is 2 ticks, dontClusterSize is 128
May 03 11:42:39: vmx| E1000: checksum cycles/kB: C=1681 asm=1087
May 03 11:42:39: vmx| VirtualProtect MapProtectMem(0x990000,0x1000) returns 0x1e7
May 03 11:42:39: vmx| Can't read-only monitor pages from 0x00990000 to 0x00991000
May 03 11:42:39: vmx| VirtualProtect MapProtectMem(0x992000,0x0) returns 0x57
May 03 11:42:39: vmx| Can't read-only monitor pages from 0x00992000 to 0x00992000
May 03 11:42:39: vmx| VMX_PowerOn: ModuleTable_PowerOn = 1
May 03 11:42:39: vmx| VMX setting maximum IPC write buffers to 0 packets, 0 bytes
May 03 11:42:39: vmx| Unrecognized command "tweakthread 3616 10244".
May 03 11:42:39: mks| Async MKS thread is alive
May 03 11:42:39: vcpu-0| APIC: version = 0x14, max LVT = 5
May 03 11:42:39: vcpu-0| APIC: LDR = 0x4000000, DFR = 0xffffffff
May 03 11:42:39: vmx| Unrecognized command "tweakthread 1924 10244".
May 03 11:42:39: vcpu-0| PShare: enabled 1, scanRate 32, checkRate 16
May 03 11:42:39: vcpu-0| guestCpuFeatures = 0x9871ff33
May 03 11:42:39: vcpu-0| Init modules.
May 03 11:42:39: vcpu-0| CPU reset: hard
May 03 11:42:39: vcpu-0| sz=3112288
May 03 11:42:39: vcpu-0| vmm32 initialized: Releasebuild-108231. cflags: 0x08080002.01801000.00000050
May 03 11:42:39: vcpu-0| SVGA: Registering MemSpace at 0xf0000000(0x0) and 0xec000000(0x0)
May 03 11:42:39: vcpu-0| SVGA: Unregistering MemSpace at 0xf0000000(0xf0000000) and 0xec000000(0xec000000)
May 03 11:42:39: vcpu-0| SVGA: Registering MemSpace at 0xf0000000(0xf0000000) and 0xec000000(0xec000000)
May 03 11:42:39: vcpu-0| SVGA: Unregistering MemSpace at 0xf0000000(0xf0000000) and 0xec000000(0xec000000)
May 03 11:42:39: vcpu-0| SVGA: Registering IOSpace at 0x1080 (0x0)
May 03 11:42:39: vcpu-0| SVGA: Registering MemSpace at 0xf0000000(0xf0000000) and 0xec000000(0xec000000)
May 03 11:42:40: mks| Create Memory BIO succeeded.
May 03 11:42:40: mks| Create Memory BIO succeeded.
May 03 11:42:40: mks| Ignoring update request in VGA_Expose (mode change pending).
May 03 11:42:40: vcpu-0| DISKUTIL: scsi0:0 : geometry=60/4/17
May 03 11:42:41: vcpu-0| BIOS-UUID is 56 4d 3d 64 75 e6 7e 48-4a e4 f8 79 47 77 07 6f
May 03 11:42:41: vcpu-0| DISKUTIL: scsi0:0 : toolsVersion = 1
May 03 11:42:41: vcpu-0| DISKUTIL: scsi0:0 : toolsVersion = 1
May 03 11:42:41: mks| VNCENCODE 1 encoding mode change: (720x400x24depth,32bpp)
May 03 11:42:42: vcpu-0| BUSLOGIC: Store HAL[16] = 0x3b11
May 03 11:42:42: vcpu-0| BUSLOGIC: Store HAL[18] = 0x0301
May 03 11:42:42: vcpu-0| BUSLOGIC: Store HAL[16] = 0x3b11
May 03 11:42:42: vcpu-0| BUSLOGIC: Store HAL[18] = 0x0301
May 03 11:42:44: mks| SOCKET 1 recv error 10054: An existing connection was forcibly closed by the remote host
May 03 11:42:44: mks| SOCKET 1 destroying VNC backend on socket error: 10054
May 03 11:52:38: vmx| TOOLS setting the tools version to '0'
May 03 11:52:38: vmx| DISKLIB-DDB   : "toolsVersion" = "0" (was "1")
May 03 11:52:38: vmx| VmdbDbCheckDataType failed for path=/vm/#976fef22d1f548ab/vmx/guestTools/versionStatus/ and value=notAvailable: (-11) Type mismatch
May 03 11:52:38: vmx| Vmdb_Set: Failed to set /vm/#976fef22d1f548ab/vmx/guestTools/versionStatus/ to notAvailable (Type mismatch)
May 03 11:52:38: vmx| VMXVmdb_SetToolsVersionState failed. ret = Type mismatch
